INFO:     Started server process [60692]
INFO:     Waiting for application startup.
INFO:     Application startup complete.
INFO:     Uvicorn running on http://127.0.0.1:8000 (Press CTRL+C to quit)
[/stream_chat] Request received with prompt: I am worried about losing my job...
INFO:     127.0.0.1:57213 - "POST /stream_chat HTTP/1.1" 200 OK
[/stream_chat] Exchange 1 — Giuseppe: You asked about your anxiety about losing your job...
[/stream_chat] Exchange 2 — Martina: I must respectfully disagree, Giuseppe. Your asser...
[/stream_chat] Exchange 3 — Giuseppe: Martina, your concern about job security stems fro...
[/stream_chat] Exchange 4 — Martina: "I must respectfully disagree, Giuseppe. Your asse...
[/stream_chat] Exchange 5 — Giuseppe: Martina, your appeal to emotional complexity is mi...
[/stream_chat] Exchange 6 — Martina: Giuseppe, I must respectfully disagree, Giuseppe. ...
[/stream_chat] Exchange 7 — Giuseppe: Martina, your attempt to justify anxiety about job...
[/stream_chat] Dialogue complete. Chars: 2344, Tokens: 586, Energy: 0.0005859999999999999
INFO:     127.0.0.1:57246 - "GET / HTTP/1.1" 200 OK
[/stream_chat] Request received with prompt: i have fear of loosing my mind...
INFO:     127.0.0.1:57250 - "POST /stream_chat HTTP/1.1" 200 OK
[/stream_chat] Exchange 1 — Martina: It's clear that this fear is not just about a loss...
[/stream_chat] Exchange 2 — Giuseppe: You've articulated a sentiment that resonates with...
[/stream_chat] Exchange 3 — Martina: "I've often found that when we're confronted with ...
[/stream_chat] Exchange 4 — Giuseppe: Martina, you cling to this notion of an existentia...
[/stream_chat] Exchange 5 — Martina: As I reflect on my own experiences with anxiety, I...
[/stream_chat] Exchange 6 — Giuseppe: Martina, you cling to this notion of an existentia...
[/stream_chat] Exchange 7 — Martina: As I reflect on my own experiences with anxiety, I...
[/stream_chat] Dialogue complete. Chars: 1927, Tokens: 482, Energy: 0.00048199999999999995
